# JRE version: Java(TM) SE Runtime Environment (8.0_231-b11) (build 1.8.0_231-b11)
# Java VM: Java HotSpot(TM) 64-Bit Server VM (25.231-b11 mixed mode windows-amd64 compressed oops)
Heap:
 PSYoungGen      total 395264K, used 364032K [0x00000000d6500000, 0x00000000f0f00000, 0x0000000100000000)
  eden space 371712K, 97% used [0x00000000d6500000,0x00000000ec8802e0,0x00000000ed000000)
  from space 23552K, 0% used [0x00000000ef800000,0x00000000ef800000,0x00000000f0f00000)
  to   space 31744K, 0% used [0x00000000ed100000,0x00000000ed100000,0x00000000ef000000)
 ParOldGen       total 124416K, used 26636K [0x0000000082e00000, 0x000000008a780000, 0x00000000d6500000)
  object space 124416K, 21% used [0x0000000082e00000,0x0000000084803088,0x000000008a780000)
 Metaspace       used 47868K, capacity 50034K, committed 50304K, reserved 1093632K
  class space    used 6285K, capacity 6686K, committed 6784K, reserved 1048576K
GC Heap History (10 events):
Event: 6.637 GC heap before
{Heap before GC invocations=11 (full 2):
 PSYoungGen      total 226816K, used 10216K [0x00000000d6500000, 0x00000000e9880000, 0x0000000100000000)
  eden space 216576K, 0% used [0x00000000d6500000,0x00000000d6500000,0x00000000e3880000)
  from space 10240K, 99% used [0x00000000e3880000,0x00000000e427a0a0,0x00000000e4280000)
  to   space 12288K, 0% used [0x00000000e8c80000,0x00000000e8c80000,0x00000000e9880000)
 ParOldGen       total 52736K, used 9291K [0x0000000082e00000, 0x0000000086180000, 0x00000000d6500000)
  object space 52736K, 17% used [0x0000000082e00000,0x0000000083712ef0,0x0000000086180000)
 Metaspace       used 33710K, capacity 35400K, committed 35496K, reserved 1079296K
  class space    used 4517K, capacity 4840K, committed 4864K, reserved 1048576K
Event: 6.701 GC heap after
Heap after GC invocations=11 (full 2):
 PSYoungGen      total 226816K, used 0K [0x00000000d6500000, 0x00000000e9880000, 0x0000000100000000)
  eden space 216576K, 0% used [0x00000000d6500000,0x00000000d6500000,0x00000000e3880000)
  from space 10240K, 0% used [0x00000000e3880000,0x00000000e3880000,0x00000000e4280000)
  to   space 12288K, 0% used [0x00000000e8c80000,0x00000000e8c80000,0x00000000e9880000)
 ParOldGen       total 84480K, used 17568K [0x0000000082e00000, 0x0000000088080000, 0x00000000d6500000)
  object space 84480K, 20% used [0x0000000082e00000,0x0000000083f281b8,0x0000000088080000)
 Metaspace       used 33710K, capacity 35400K, committed 35496K, reserved 1079296K
  class space    used 4517K, capacity 4840K, committed 4864K, reserved 1048576K
}
Event: 7.750 GC heap before
{Heap before GC invocations=12 (full 2):
 PSYoungGen      total 226816K, used 216576K [0x00000000d6500000, 0x00000000e9880000, 0x0000000100000000)
  eden space 216576K, 100% used [0x00000000d6500000,0x00000000e3880000,0x00000000e3880000)
  from space 10240K, 0% used [0x00000000e3880000,0x00000000e3880000,0x00000000e4280000)
  to   space 12288K, 0% used [0x00000000e8c80000,0x00000000e8c80000,0x00000000e9880000)
 ParOldGen       total 84480K, used 17568K [0x0000000082e00000, 0x0000000088080000, 0x00000000d6500000)
  object space 84480K, 20% used [0x0000000082e00000,0x0000000083f281b8,0x0000000088080000)
 Metaspace       used 37820K, capacity 39832K, committed 40064K, reserved 1083392K
  class space    used 5051K, capacity 5434K, committed 5504K, reserved 1048576K
Event: 7.770 GC heap after
Heap after GC invocations=12 (full 2):
 PSYoungGen      total 294400K, used 12259K [0x00000000d6500000, 0x00000000e9b80000, 0x0000000100000000)
  eden space 282112K, 0% used [0x00000000d6500000,0x00000000d6500000,0x00000000e7880000)
  from space 12288K, 99% used [0x00000000e8c80000,0x00000000e9878f88,0x00000000e9880000)
  to   space 17920K, 0% used [0x00000000e7880000,0x00000000e7880000,0x00000000e8a00000)
 ParOldGen       total 84480K, used 29778K [0x0000000082e00000, 0x0000000088080000, 0x00000000d6500000)
  object space 84480K, 35% used [0x0000000082e00000,0x0000000084b14a28,0x0000000088080000)
 Metaspace       used 37820K, capacity 39832K, committed 40064K, reserved 1083392K
  class space    used 5051K, capacity 5434K, committed 5504K, reserved 1048576K
}
Event: 8.276 GC heap before
{Heap before GC invocations=13 (full 2):
 PSYoungGen      total 294400K, used 294371K [0x00000000d6500000, 0x00000000e9b80000, 0x0000000100000000)
  eden space 282112K, 100% used [0x00000000d6500000,0x00000000e7880000,0x00000000e7880000)
  from space 12288K, 99% used [0x00000000e8c80000,0x00000000e9878f88,0x00000000e9880000)
  to   space 17920K, 0% used [0x00000000e7880000,0x00000000e7880000,0x00000000e8a00000)
 ParOldGen       total 84480K, used 29919K [0x0000000082e00000, 0x0000000088080000, 0x00000000d6500000)
  object space 84480K, 35% used [0x0000000082e00000,0x0000000084b37f50,0x0000000088080000)
 Metaspace       used 37967K, capacity 39960K, committed 40064K, reserved 1083392K
  class space    used 5066K, capacity 5434K, committed 5504K, reserved 1048576K
Event: 8.303 GC heap after
Heap after GC invocations=13 (full 2):
 PSYoungGen      total 300032K, used 17893K [0x00000000d6500000, 0x00000000f1480000, 0x0000000100000000)
  eden space 282112K, 0% used [0x00000000d6500000,0x00000000d6500000,0x00000000e7880000)
  from space 17920K, 99% used [0x00000000e7880000,0x00000000e89f9528,0x00000000e8a00000)
  to   space 29184K, 0% used [0x00000000ef800000,0x00000000ef800000,0x00000000f1480000)
 ParOldGen       total 84480K, used 53565K [0x0000000082e00000, 0x0000000088080000, 0x00000000d6500000)
  object space 84480K, 63% used [0x0000000082e00000,0x000000008624f728,0x0000000088080000)
 Metaspace       used 37967K, capacity 39960K, committed 40064K, reserved 1083392K
  class space    used 5066K, capacity 5434K, committed 5504K, reserved 1048576K
}
Event: 46.219 GC heap before
{Heap before GC invocations=14 (full 2):
 PSYoungGen      total 300032K, used 300005K [0x00000000d6500000, 0x00000000f1480000, 0x0000000100000000)
  eden space 282112K, 100% used [0x00000000d6500000,0x00000000e7880000,0x00000000e7880000)
  from space 17920K, 99% used [0x00000000e7880000,0x00000000e89f9528,0x00000000e8a00000)
  to   space 29184K, 0% used [0x00000000ef800000,0x00000000ef800000,0x00000000f1480000)
 ParOldGen       total 84480K, used 53574K [0x0000000082e00000, 0x0000000088080000, 0x00000000d6500000)
  object space 84480K, 63% used [0x0000000082e00000,0x00000000862519d8,0x0000000088080000)
 Metaspace       used 46273K, capacity 48486K, committed 48768K, reserved 1091584K
  class space    used 6027K, capacity 6428K, committed 6528K, reserved 1048576K
Event: 46.241 GC heap after
Heap after GC invocations=14 (full 2):
 PSYoungGen      total 395264K, used 23399K [0x00000000d6500000, 0x00000000f0f00000, 0x0000000100000000)
  eden space 371712K, 0% used [0x00000000d6500000,0x00000000d6500000,0x00000000ed000000)
  from space 23552K, 99% used [0x00000000ef800000,0x00000000f0ed9f08,0x00000000f0f00000)
  to   space 31744K, 0% used [0x00000000ed100000,0x00000000ed100000,0x00000000ef000000)
 ParOldGen       total 84480K, used 71224K [0x0000000082e00000, 0x0000000088080000, 0x00000000d6500000)
  object space 84480K, 84% used [0x0000000082e00000,0x000000008738e170,0x0000000088080000)
 Metaspace       used 46273K, capacity 48486K, committed 48768K, reserved 1091584K
  class space    used 6027K, capacity 6428K, committed 6528K, reserved 1048576K
}
Event: 46.241 GC heap before
{Heap before GC invocations=15 (full 3):
 PSYoungGen      total 395264K, used 23399K [0x00000000d6500000, 0x00000000f0f00000, 0x0000000100000000)
  eden space 371712K, 0% used [0x00000000d6500000,0x00000000d6500000,0x00000000ed000000)
  from space 23552K, 99% used [0x00000000ef800000,0x00000000f0ed9f08,0x00000000f0f00000)
  to   space 31744K, 0% used [0x00000000ed100000,0x00000000ed100000,0x00000000ef000000)
 ParOldGen       total 84480K, used 71224K [0x0000000082e00000, 0x0000000088080000, 0x00000000d6500000)
  object space 84480K, 84% used [0x0000000082e00000,0x000000008738e170,0x0000000088080000)
 Metaspace       used 46273K, capacity 48486K, committed 48768K, reserved 1091584K
  class space    used 6027K, capacity 6428K, committed 6528K, reserved 1048576K
Event: 46.359 GC heap after
Heap after GC invocations=15 (full 3):
 PSYoungGen      total 395264K, used 0K [0x00000000d6500000, 0x00000000f0f00000, 0x0000000100000000)
  eden space 371712K, 0% used [0x00000000d6500000,0x00000000d6500000,0x00000000ed000000)
  from space 23552K, 0% used [0x00000000ef800000,0x00000000ef800000,0x00000000f0f00000)
  to   space 31744K, 0% used [0x00000000ed100000,0x00000000ed100000,0x00000000ef000000)
 ParOldGen       total 124416K, used 26636K [0x0000000082e00000, 0x000000008a780000, 0x00000000d6500000)
  object space 124416K, 21% used [0x0000000082e00000,0x0000000084803088,0x000000008a780000)
 Metaspace       used 46269K, capacity 48480K, committed 48768K, reserved 1091584K
  class space    used 6027K, capacity 6427K, committed 6528K, reserved 1048576K
}

