# JRE version: Java(TM) SE Runtime Environment (8.0_231-b11) (build 1.8.0_231-b11)
# Java VM: Java HotSpot(TM) 64-Bit Server VM (25.231-b11 mixed mode windows-amd64 compressed oops)
Heap:
 PSYoungGen      total 412160K, used 381329K [0x00000000d6500000, 0x00000000f1a00000, 0x0000000100000000)
  eden space 382976K, 99% used [0x00000000d6500000,0x00000000ed964598,0x00000000edb00000)
  from space 29184K, 0% used [0x00000000efc00000,0x00000000efc00000,0x00000000f1880000)
  to   space 32256K, 0% used [0x00000000edb00000,0x00000000edb00000,0x00000000efa80000)
 ParOldGen       total 122368K, used 26608K [0x0000000082e00000, 0x000000008a580000, 0x00000000d6500000)
  object space 122368K, 21% used [0x0000000082e00000,0x00000000847fc330,0x000000008a580000)
 Metaspace       used 47942K, capacity 50162K, committed 50304K, reserved 1093632K
  class space    used 6287K, capacity 6686K, committed 6784K, reserved 1048576K
GC Heap History (10 events):
Event: 4.851 GC heap before
{Heap before GC invocations=11 (full 2):
 PSYoungGen      total 227328K, used 10232K [0x00000000d6500000, 0x00000000e9b00000, 0x0000000100000000)
  eden space 217088K, 0% used [0x00000000d6500000,0x00000000d6500000,0x00000000e3900000)
  from space 10240K, 99% used [0x00000000e3900000,0x00000000e42fe370,0x00000000e4300000)
  to   space 12288K, 0% used [0x00000000e8f00000,0x00000000e8f00000,0x00000000e9b00000)
 ParOldGen       total 52736K, used 9215K [0x0000000082e00000, 0x0000000086180000, 0x00000000d6500000)
  object space 52736K, 17% used [0x0000000082e00000,0x00000000836ffd68,0x0000000086180000)
 Metaspace       used 33719K, capacity 35400K, committed 35496K, reserved 1079296K
  class space    used 4517K, capacity 4840K, committed 4864K, reserved 1048576K
Event: 4.917 GC heap after
Heap after GC invocations=11 (full 2):
 PSYoungGen      total 227328K, used 0K [0x00000000d6500000, 0x00000000e9b00000, 0x0000000100000000)
  eden space 217088K, 0% used [0x00000000d6500000,0x00000000d6500000,0x00000000e3900000)
  from space 10240K, 0% used [0x00000000e3900000,0x00000000e3900000,0x00000000e4300000)
  to   space 12288K, 0% used [0x00000000e8f00000,0x00000000e8f00000,0x00000000e9b00000)
 ParOldGen       total 85504K, used 17537K [0x0000000082e00000, 0x0000000088180000, 0x00000000d6500000)
  object space 85504K, 20% used [0x0000000082e00000,0x0000000083f207d0,0x0000000088180000)
 Metaspace       used 33719K, capacity 35400K, committed 35496K, reserved 1079296K
  class space    used 4517K, capacity 4840K, committed 4864K, reserved 1048576K
}
Event: 5.860 GC heap before
{Heap before GC invocations=12 (full 2):
 PSYoungGen      total 227328K, used 217088K [0x00000000d6500000, 0x00000000e9b00000, 0x0000000100000000)
  eden space 217088K, 100% used [0x00000000d6500000,0x00000000e3900000,0x00000000e3900000)
  from space 10240K, 0% used [0x00000000e3900000,0x00000000e3900000,0x00000000e4300000)
  to   space 12288K, 0% used [0x00000000e8f00000,0x00000000e8f00000,0x00000000e9b00000)
 ParOldGen       total 85504K, used 17537K [0x0000000082e00000, 0x0000000088180000, 0x00000000d6500000)
  object space 85504K, 20% used [0x0000000082e00000,0x0000000083f207d0,0x0000000088180000)
 Metaspace       used 37886K, capacity 39896K, committed 40064K, reserved 1083392K
  class space    used 5052K, capacity 5434K, committed 5504K, reserved 1048576K
Event: 5.876 GC heap after
Heap after GC invocations=12 (full 2):
 PSYoungGen      total 290304K, used 12273K [0x00000000d6500000, 0x00000000e9b00000, 0x0000000100000000)
  eden space 278016K, 0% used [0x00000000d6500000,0x00000000d6500000,0x00000000e7480000)
  from space 12288K, 99% used [0x00000000e8f00000,0x00000000e9afc420,0x00000000e9b00000)
  to   space 17408K, 0% used [0x00000000e7900000,0x00000000e7900000,0x00000000e8a00000)
 ParOldGen       total 85504K, used 27615K [0x0000000082e00000, 0x0000000088180000, 0x00000000d6500000)
  object space 85504K, 32% used [0x0000000082e00000,0x00000000848f7c10,0x0000000088180000)
 Metaspace       used 37886K, capacity 39896K, committed 40064K, reserved 1083392K
  class space    used 5052K, capacity 5434K, committed 5504K, reserved 1048576K
}
Event: 6.394 GC heap before
{Heap before GC invocations=13 (full 2):
 PSYoungGen      total 290304K, used 290289K [0x00000000d6500000, 0x00000000e9b00000, 0x0000000100000000)
  eden space 278016K, 100% used [0x00000000d6500000,0x00000000e7480000,0x00000000e7480000)
  from space 12288K, 99% used [0x00000000e8f00000,0x00000000e9afc420,0x00000000e9b00000)
  to   space 17408K, 0% used [0x00000000e7900000,0x00000000e7900000,0x00000000e8a00000)
 ParOldGen       total 85504K, used 27615K [0x0000000082e00000, 0x0000000088180000, 0x00000000d6500000)
  object space 85504K, 32% used [0x0000000082e00000,0x00000000848f7c10,0x0000000088180000)
 Metaspace       used 38038K, capacity 40024K, committed 40320K, reserved 1083392K
  class space    used 5067K, capacity 5434K, committed 5504K, reserved 1048576K
Event: 6.453 GC heap after
Heap after GC invocations=13 (full 2):
 PSYoungGen      total 300032K, used 17388K [0x00000000d6500000, 0x00000000f1880000, 0x0000000100000000)
  eden space 282624K, 0% used [0x00000000d6500000,0x00000000d6500000,0x00000000e7900000)
  from space 17408K, 99% used [0x00000000e7900000,0x00000000e89fb1c0,0x00000000e8a00000)
  to   space 29184K, 0% used [0x00000000efc00000,0x00000000efc00000,0x00000000f1880000)
 ParOldGen       total 85504K, used 52450K [0x0000000082e00000, 0x0000000088180000, 0x00000000d6500000)
  object space 85504K, 61% used [0x0000000082e00000,0x0000000086138ad8,0x0000000088180000)
 Metaspace       used 38038K, capacity 40024K, committed 40320K, reserved 1083392K
  class space    used 5067K, capacity 5434K, committed 5504K, reserved 1048576K
}
Event: 145.128 GC heap before
{Heap before GC invocations=14 (full 2):
 PSYoungGen      total 300032K, used 300012K [0x00000000d6500000, 0x00000000f1880000, 0x0000000100000000)
  eden space 282624K, 100% used [0x00000000d6500000,0x00000000e7900000,0x00000000e7900000)
  from space 17408K, 99% used [0x00000000e7900000,0x00000000e89fb1c0,0x00000000e8a00000)
  to   space 29184K, 0% used [0x00000000efc00000,0x00000000efc00000,0x00000000f1880000)
 ParOldGen       total 85504K, used 52450K [0x0000000082e00000, 0x0000000088180000, 0x00000000d6500000)
  object space 85504K, 61% used [0x0000000082e00000,0x0000000086138ad8,0x0000000088180000)
 Metaspace       used 46346K, capacity 48550K, committed 48768K, reserved 1091584K
  class space    used 6029K, capacity 6428K, committed 6528K, reserved 1048576K
Event: 145.150 GC heap after
Heap after GC invocations=14 (full 2):
 PSYoungGen      total 412160K, used 25043K [0x00000000d6500000, 0x00000000f1a00000, 0x0000000100000000)
  eden space 382976K, 0% used [0x00000000d6500000,0x00000000d6500000,0x00000000edb00000)
  from space 29184K, 85% used [0x00000000efc00000,0x00000000f1474f60,0x00000000f1880000)
  to   space 32256K, 0% used [0x00000000edb00000,0x00000000edb00000,0x00000000efa80000)
 ParOldGen       total 85504K, used 69416K [0x0000000082e00000, 0x0000000088180000, 0x00000000d6500000)
  object space 85504K, 81% used [0x0000000082e00000,0x00000000871ca388,0x0000000088180000)
 Metaspace       used 46346K, capacity 48550K, committed 48768K, reserved 1091584K
  class space    used 6029K, capacity 6428K, committed 6528K, reserved 1048576K
}
Event: 145.150 GC heap before
{Heap before GC invocations=15 (full 3):
 PSYoungGen      total 412160K, used 25043K [0x00000000d6500000, 0x00000000f1a00000, 0x0000000100000000)
  eden space 382976K, 0% used [0x00000000d6500000,0x00000000d6500000,0x00000000edb00000)
  from space 29184K, 85% used [0x00000000efc00000,0x00000000f1474f60,0x00000000f1880000)
  to   space 32256K, 0% used [0x00000000edb00000,0x00000000edb00000,0x00000000efa80000)
 ParOldGen       total 85504K, used 69416K [0x0000000082e00000, 0x0000000088180000, 0x00000000d6500000)
  object space 85504K, 81% used [0x0000000082e00000,0x00000000871ca388,0x0000000088180000)
 Metaspace       used 46346K, capacity 48550K, committed 48768K, reserved 1091584K
  class space    used 6029K, capacity 6428K, committed 6528K, reserved 1048576K
Event: 145.280 GC heap after
Heap after GC invocations=15 (full 3):
 PSYoungGen      total 412160K, used 0K [0x00000000d6500000, 0x00000000f1a00000, 0x0000000100000000)
  eden space 382976K, 0% used [0x00000000d6500000,0x00000000d6500000,0x00000000edb00000)
  from space 29184K, 0% used [0x00000000efc00000,0x00000000efc00000,0x00000000f1880000)
  to   space 32256K, 0% used [0x00000000edb00000,0x00000000edb00000,0x00000000efa80000)
 ParOldGen       total 122368K, used 26608K [0x0000000082e00000, 0x000000008a580000, 0x00000000d6500000)
  object space 122368K, 21% used [0x0000000082e00000,0x00000000847fc330,0x000000008a580000)
 Metaspace       used 46342K, capacity 48544K, committed 48768K, reserved 1091584K
  class space    used 6029K, capacity 6427K, committed 6528K, reserved 1048576K
}

